[Log][unix_socket.cpp][log_path_init:152] Log path initialized: /mnt/e/Study/Linux/MiniScheduler/logs/minisched_20260628150106.log
[Log][main_daemon.cpp][main:209] Loading config file.
[Log][main_daemon.cpp][main:214] Starting the MiniScheduler daemon process...
[Log][unix_socket.cpp][daemonize:589] Daemonizing the process...
[Log][main_daemon.cpp][main:241] Forking 4 worker processes...
[Log][main_daemon.cpp][fork_workers:83] Forked worker 0 [PID: 6552]
[Log][main_daemon.cpp][worker_process_main:95] Worker process [PID: 6552] is running.
[Log][main_daemon.cpp][fork_workers:83] Forked worker 1 [PID: 6553]
[Log][main_daemon.cpp][worker_process_main:95] Worker process [PID: 6553] is running.
[Log][main_daemon.cpp][fork_workers:83] Forked worker 2 [PID: 6554]
[Log][main_daemon.cpp][worker_process_main:95] Worker process [PID: 6554] is running.
[Log][main_daemon.cpp][fork_workers:83] Forked worker 3 [PID: 6555]
[Log][main_daemon.cpp][worker_process_main:95] Worker process [PID: 6555] is running.
[Log][main_daemon.cpp][main:249] Starting IPC server on socket: /tmp/minisched.sock
[Log][main_daemon.cpp][main:261] Waiting for client connection...
[Log][main_client.cpp][main:66] Sending command to daemon: ADD ls -l
[Log][main_daemon.cpp][main:271] Receiving command from client...
[Log][main_daemon.cpp][main:278] Handling ADD command...
[Log][main_daemon.cpp][main:312] Enqueued done job ID[1]: ls -l
[Log][main_daemon.cpp][main:394] Sending response to client.
[Log][main_client.cpp][main:91] Receive: ENQUEUE JOB ID[1] DONE
[Log][main_daemon.cpp][main:261] Waiting for client connection...
[Log][main_daemon.cpp][worker_process_main:179] Worker [PID: 6552] finished job ID[1], exit_code=0
[Log][main_daemon.cpp][main:271] Receiving command from client...
[Log][main_client.cpp][main:66] Sending command to daemon: STATUS
[Log][main_daemon.cpp][main:328] Handling STATUS command...
[Log][main_daemon.cpp][main:394] Sending response to client.
[Log][main_daemon.cpp][main:261] Waiting for client connection...
[Log][main_client.cpp][main:91] Receive: TOTAL = 1 | DONE = 1 | FAILED = 0 | RUNNING = 0 | PENDING = 0
ID  PID     STATE           CREATED TIME            STARTED TIME            FINISHED TIME           COMMAND
1   6552    DONE            2026-06-28 15:01:16     2026-06-28 15:01:16     2026-06-28 15:01:16     ls -l

[Log][main_daemon.cpp][handle_signal:191] Temination signal received, shutting down the daemon...
[Log][main_daemon.cpp][handle_signal:191] Temination signal received, shutting down the daemon...
[Log][main_daemon.cpp][handle_signal:191] Temination signal received, shutting down the daemon...
[Log][main_daemon.cpp][handle_signal:191] Temination signal received, shutting down the daemon...
[Log][main_daemon.cpp][handle_signal:191] Temination signal received, shutting down the daemon...
[Error][unix_socket.cpp][ipc_server_accept:461] accept error
: Interrupted system call
[Error][main_daemon.cpp][main:264] Failed to accept client connection
: Interrupted system call
[Log][main_daemon.cpp][main:403] Gracefully shutting down ...
[Log][main_daemon.cpp][worker_process_main:107] Worker [PID: 6552] shutting down.
[Log][main_daemon.cpp][worker_process_main:182] Worker process [PID: 6552] exiting.
[Log][main_daemon.cpp][worker_process_main:107] Worker [PID: 6553] shutting down.
[Log][main_daemon.cpp][worker_process_main:107] Worker [PID: 6555] shutting down.
[Log][main_daemon.cpp][worker_process_main:182] Worker process [PID: 6553] exiting.
[Log][main_daemon.cpp][main:417] Worker [PID: 6552] exited with status 0
[Log][main_daemon.cpp][worker_process_main:182] Worker process [PID: 6555] exiting.
[Log][main_daemon.cpp][worker_process_main:107] Worker [PID: 6554] shutting down.
[Log][main_daemon.cpp][main:417] Worker [PID: 6553] exited with status 0
[Log][main_daemon.cpp][worker_process_main:182] Worker process [PID: 6554] exiting.
[Log][main_daemon.cpp][main:417] Worker [PID: 6554] exited with status 0
[Log][main_daemon.cpp][main:417] Worker [PID: 6555] exited with status 0
[Log][main_daemon.cpp][main:427] MiniScheduler daemon exited.
