[Log][unix_socket.cpp][log_path_init:152] Log path initialized: /mnt/e/Study/Linux/MiniScheduler/logs/minisched_20260628121959.log
[Log][main_daemon.cpp][main:203] Loading config file.
[Log][main_daemon.cpp][main:208] Starting the MiniScheduler daemon process...
[Log][unix_socket.cpp][daemonize:589] Daemonizing the process...
[Log][main_daemon.cpp][main:226] Forking 4 worker processes...
[Log][main_daemon.cpp][fork_workers:173] Forked worker 0 [PID: 6100]
[Log][main_daemon.cpp][worker_process_main:57] Worker process [PID: 6100] is running.
[Log][main_daemon.cpp][fork_workers:173] Forked worker 1 [PID: 6101]
[Log][main_daemon.cpp][worker_process_main:57] Worker process [PID: 6101] is running.
[Log][main_daemon.cpp][worker_process_main:57] Worker process [PID: 6102] is running.
[Log][main_daemon.cpp][fork_workers:173] Forked worker 2 [PID: 6102]
[Log][main_daemon.cpp][fork_workers:173] Forked worker 3 [PID: 6103]
[Log][main_daemon.cpp][worker_process_main:57] Worker process [PID: 6103] is running.
[Log][main_daemon.cpp][main:234] Starting IPC server on socket: /tmp/minisched.sock
[Log][main_daemon.cpp][main:246] Waiting for client connection...
[Log][main_daemon.cpp][main:256] Receiving command from client...
[Log][main_daemon.cpp][main:263] Handling ADD command...
[Log][main_daemon.cpp][main:297] Enqueued done job ID[1]: ls -l
[Log][main_daemon.cpp][main:367] Sending response to client.
[Log][main_daemon.cpp][main:246] Waiting for client connection...
[Log][main_client.cpp][main:90] Receive: ENQUEUE JOB ID[1] DONE

[Log][main_daemon.cpp][worker_process_main:141] Worker [PID: 6100] finished job ID[1], exit_code=0
[Log][main_daemon.cpp][main:256] Receiving command from client...
[Log][main_daemon.cpp][main:263] Handling ADD command...
[Log][main_daemon.cpp][main:297] Enqueued done job ID[2]: pwd
[Log][main_daemon.cpp][main:367] Sending response to client.
[Log][main_daemon.cpp][main:246] Waiting for client connection...
[Log][main_client.cpp][main:90] Receive: ENQUEUE JOB ID[2] DONE

[Log][main_daemon.cpp][worker_process_main:141] Worker [PID: 6101] finished job ID[2], exit_code=0
[Log][main_daemon.cpp][main:256] Receiving command from client...
[Log][main_daemon.cpp][main:263] Handling ADD command...
[Log][main_daemon.cpp][main:297] Enqueued done job ID[3]: ls
[Log][main_daemon.cpp][main:367] Sending response to client.
[Log][main_daemon.cpp][main:246] Waiting for client connection...
[Log][main_client.cpp][main:90] Receive: ENQUEUE JOB ID[3] DONE

[Log][main_daemon.cpp][worker_process_main:141] Worker [PID: 6102] finished job ID[3], exit_code=0
[Log][main_daemon.cpp][main:256] Receiving command from client...
[Log][main_daemon.cpp][main:313] Handling STATUS command...
[Log][main_daemon.cpp][main:367] Sending response to client.
[Log][main_daemon.cpp][main:246] Waiting for client connection...
[Log][main_client.cpp][main:90] Receive: TOTAL = 3
ID  PID     STATE           CREATED TIME            STARTED TIME            FINISHED TIME           COMMAND
1   6100    DONE            2026-06-28 12:20:29     2026-06-28 12:20:29     2026-06-28 12:20:29     ls -l
2   6101    DONE            2026-06-28 12:20:58     2026-06-28 12:20:58     2026-06-28 12:20:58     pwd
3   6102    DONE            2026-06-28 12:21:23     2026-06-28 12:21:23     2026-06-28 12:21:23     ls


[Log][main_daemon.cpp][main:256] Receiving command from client...
[Log][main_daemon.cpp][main:263] Handling ADD command...
[Log][main_daemon.cpp][main:297] Enqueued done job ID[4]: ls
[Log][main_daemon.cpp][main:367] Sending response to client.
[Log][main_daemon.cpp][main:246] Waiting for client connection...
[Log][main_client.cpp][main:90] Receive: ENQUEUE JOB ID[4] DONE

[Log][main_daemon.cpp][worker_process_main:141] Worker [PID: 6103] finished job ID[4], exit_code=0
[Log][main_daemon.cpp][main:256] Receiving command from client...
[Log][main_daemon.cpp][main:263] Handling ADD command...
[Log][main_daemon.cpp][main:297] Enqueued done job ID[5]: ls
[Log][main_daemon.cpp][main:367] Sending response to client.
[Log][main_daemon.cpp][main:246] Waiting for client connection...
[Log][main_daemon.cpp][worker_process_main:141] Worker [PID: 6100] finished job ID[5], exit_code=0
[Log][main_client.cpp][main:90] Receive: ENQUEUE JOB ID[5] DONE

[Log][main_daemon.cpp][main:256] Receiving command from client...
[Log][main_daemon.cpp][main:263] Handling ADD command...
[Log][main_daemon.cpp][main:297] Enqueued done job ID[6]: ls
[Log][main_daemon.cpp][main:367] Sending response to client.
[Log][main_daemon.cpp][main:246] Waiting for client connection...
[Log][main_client.cpp][main:90] Receive: ENQUEUE JOB ID[6] DONE

[Log][main_daemon.cpp][worker_process_main:141] Worker [PID: 6101] finished job ID[6], exit_code=0
[Log][main_daemon.cpp][handle_signal:185] Temination signal received, shutting down the daemon...
