[Log][unix_socket.cpp][log_path_init:156] Log path initialized: /mnt/e/Study/Linux/MiniScheduler/logs/minisched_20260621143223.log
[Log][main_daemon.cpp][main:185] Loading config file.
[Log][main_daemon.cpp][main:191] Starting the MiniScheduler daemon process...
[Log][unix_socket.cpp][daemonize:593] Daemonizing the process...
[Log][main_daemon.cpp][main:206] Initializing job queue...
[Log][main_daemon.cpp][main:213] Creating worker thread...
[Log][main_daemon.cpp][main:220] Starting IPC server on socket: /tmp/minisched.sock
[Log][main_daemon.cpp][worker_main:65] Starting worker thread...
[Log][main_daemon.cpp][worker_main:76] Worker thread is waiting for jobs...
[Log][main_daemon.cpp][main:231] Waiting for client connection...
[Log][main_daemon.cpp][main:241] Receiving command from client...
[Log][main_daemon.cpp][main:248] Handling ADD command...
[Log][main_daemon.cpp][main:282] Enqueued done job ID[1]: ls -l
[Log][main_daemon.cpp][main:352] Sending response to client.
[Log][main_client.cpp][main:90] Receive: ENQUEUE JOB ID[1] DONE

[Log][main_daemon.cpp][main:231] Waiting for client connection...
[Log][main_daemon.cpp][worker_main:76] Worker thread is waiting for jobs...
[Log][main_daemon.cpp][main:241] Receiving command from client...
[Log][main_daemon.cpp][main:298] Handling STATUS command...
[Log][main_daemon.cpp][main:352] Sending response to client.
[Log][main_daemon.cpp][main:231] Waiting for client connection...
[Log][main_client.cpp][main:90] Receive: TOTAL = 1
ID  PID   STATE   CREATED TIME            STARTED TIME            FINISHED TIME   	       COMMAND
1   30302 DONE    2026-06-21 14:32:37     2026-06-21 14:32:37     2026-06-21 14:32:37     ls -l


[Log][main_daemon.cpp][main:241] Receiving command from client...
[Log][main_daemon.cpp][main:248] Handling ADD command...
[Log][main_daemon.cpp][main:282] Enqueued done job ID[2]: tree
[Log][main_daemon.cpp][main:352] Sending response to client.
[Log][main_daemon.cpp][main:231] Waiting for client connection...
[Log][main_client.cpp][main:90] Receive: ENQUEUE JOB ID[2] DONE

[Log][main_daemon.cpp][main:241] Receiving command from client...
[Log][main_daemon.cpp][main:298] Handling STATUS command...
[Log][main_daemon.cpp][main:352] Sending response to client.
[Log][main_client.cpp][main:90] Receive: TOTAL = 2
ID  PID   STATE   CREATED TIME            STARTED TIME            FINISHED TIME   	       COMMAND
1   30302 DONE    2026-06-21 14:32:37     2026-06-21 14:32:37     2026-06-21 14:32:37     ls -l
2   30302 RUNNING 2026-06-21 14:38:44     2026-06-21 14:38:44                             tree


[Log][main_daemon.cpp][main:231] Waiting for client connection...
[Log][main_daemon.cpp][main:241] Receiving command from client...
[Log][main_daemon.cpp][main:298] Handling STATUS command...
[Log][main_daemon.cpp][main:352] Sending response to client.
[Log][main_daemon.cpp][main:231] Waiting for client connection...
[Log][main_client.cpp][main:90] Receive: TOTAL = 2
ID  PID   STATE   CREATED TIME            STARTED TIME            FINISHED TIME   	       COMMAND
1   30302 DONE    2026-06-21 14:32:37     2026-06-21 14:32:37     2026-06-21 14:32:37     ls -l
2   30302 RUNNING 2026-06-21 14:38:44     2026-06-21 14:38:44                             tree


[Log][main_daemon.cpp][main:241] Receiving command from client...
[Log][main_daemon.cpp][main:298] Handling STATUS command...
[Log][main_daemon.cpp][main:352] Sending response to client.
[Log][main_client.cpp][main:90] Receive: TOTAL = 2
ID  PID   STATE   CREATED TIME            STARTED TIME            FINISHED TIME   	       COMMAND
1   30302 DONE    2026-06-21 14:32:37     2026-06-21 14:32:37     2026-06-21 14:32:37     ls -l
2   30302 RUNNING 2026-06-21 14:38:44     2026-06-21 14:38:44                             tree


[Log][main_daemon.cpp][main:231] Waiting for client connection...
[Log][main_daemon.cpp][main:241] Receiving command from client...
[Log][main_daemon.cpp][main:298] Handling STATUS command...
[Log][main_daemon.cpp][main:352] Sending response to client.
[Log][main_daemon.cpp][main:231] Waiting for client connection...
[Log][main_client.cpp][main:90] Receive: TOTAL = 2
ID  PID   STATE   CREATED TIME            STARTED TIME            FINISHED TIME   	       COMMAND
1   30302 DONE    2026-06-21 14:32:37     2026-06-21 14:32:37     2026-06-21 14:32:37     ls -l
2   30302 RUNNING 2026-06-21 14:38:44     2026-06-21 14:38:44                             tree


[Log][main_daemon.cpp][worker_main:76] Worker thread is waiting for jobs...
[Log][main_daemon.cpp][main:241] Receiving command from client...
[Log][main_daemon.cpp][main:298] Handling STATUS command...
[Log][main_daemon.cpp][main:352] Sending response to client.
[Log][main_daemon.cpp][main:231] Waiting for client connection...
[Log][main_client.cpp][main:90] Receive: TOTAL = 2
ID  PID   STATE   CREATED TIME            STARTED TIME            FINISHED TIME   	       COMMAND
1   30302 DONE    2026-06-21 14:32:37     2026-06-21 14:32:37     2026-06-21 14:32:37     ls -l
2   30302 FAILED  2026-06-21 14:38:44     2026-06-21 14:38:44     2026-06-21 14:41:48     tree


[Log][main_daemon.cpp][handle_signal:162] Temination signal received, shutting down the daemon...
