[Log][unix_socket.cpp][log_path_init:152] Log path initialized: /mnt/e/Study/Linux/MiniScheduler/logs/minisched_20260628145347.log
[Log][main_daemon.cpp][main:209] Loading config file.
[Log][main_daemon.cpp][main:214] Starting the MiniScheduler daemon process...
[Log][unix_socket.cpp][daemonize:589] Daemonizing the process...
[Log][main_daemon.cpp][main:241] Forking 4 worker processes...
[Log][main_daemon.cpp][fork_workers:83] Forked worker 0 [PID: 6423]
[Log][main_daemon.cpp][worker_process_main:95] Worker process [PID: 6423] is running.
[Log][main_daemon.cpp][worker_process_main:95] Worker process [PID: 6424] is running.
[Log][main_daemon.cpp][fork_workers:83] Forked worker 1 [PID: 6424]
[Log][main_daemon.cpp][fork_workers:83] Forked worker 2 [PID: 6425]
[Log][main_daemon.cpp][worker_process_main:95] Worker process [PID: 6425] is running.
[Log][main_daemon.cpp][fork_workers:83] Forked worker 3 [PID: 6426]
[Log][main_daemon.cpp][worker_process_main:95] Worker process [PID: 6426] is running.
[Log][main_daemon.cpp][main:249] Starting IPC server on socket: /tmp/minisched.sock
[Log][main_daemon.cpp][main:261] Waiting for client connection...
[Log][main_daemon.cpp][main:271] Receiving command from client...
[Log][main_client.cpp][main:66] Sending command to daemon: ADD pwd
[Log][main_daemon.cpp][main:278] Handling ADD command...
[Log][main_client.cpp][main:66] Sending command to daemon: ADD ls -l
[Log][main_daemon.cpp][main:312] Enqueued done job ID[1]: pwd
[Log][main_daemon.cpp][main:394] Sending response to client.
[Log][main_daemon.cpp][main:261] Waiting for client connection...
[Log][main_client.cpp][main:91] Receive: ENQUEUE JOB ID[1] DONE
[Log][main_daemon.cpp][main:271] Receiving command from client...
[Log][main_daemon.cpp][main:278] Handling ADD command...
[Log][main_daemon.cpp][worker_process_main:179] Worker [PID: 6423] finished job ID[1], exit_code=0
[Log][main_daemon.cpp][main:312] Enqueued done job ID[2]: ls -l
[Log][main_daemon.cpp][main:394] Sending response to client.
[Log][main_daemon.cpp][main:261] Waiting for client connection...
[Log][main_client.cpp][main:91] Receive: ENQUEUE JOB ID[2] DONE
[Log][main_daemon.cpp][worker_process_main:179] Worker [PID: 6423] finished job ID[2], exit_code=0
[Log][main_daemon.cpp][main:271] Receiving command from client...
[Log][main_client.cpp][main:66] Sending command to daemon: STATUS
[Log][main_daemon.cpp][main:328] Handling STATUS command...
[Log][main_daemon.cpp][handle_signal:191] Temination signal received, shutting down the daemon...
