
Executing job ID[1] by worker [PID: 6423]: pwd
/

Executing job ID[2] by worker [PID: 6423]: ls -l
total 1484
lrwxrwxrwx   1 root root       7 Apr 22  2024 bin -> usr/bin
drwxr-xr-x   2 root root    4096 Feb 26  2024 bin.usr-is-merged
drwxr-xr-x   2 root root    4096 Apr 22  2024 boot
drwxr-xr-x   8 root root    2940 Jun 21 09:03 dev
drwxr-xr-x  89 root root    4096 Jun 21 09:03 etc
drwxr-xr-x   3 root root    4096 Dec 29 10:25 home
-rwxr-xr-x   2 root root 1440152 Oct 21  2025 init
lrwxrwxrwx   1 root root       7 Apr 22  2024 lib -> usr/lib
drwxr-xr-x   2 root root    4096 Apr  8  2024 lib.usr-is-merged
lrwxrwxrwx   1 root root       9 Feb 25 15:36 lib32 -> usr/lib32
lrwxrwxrwx   1 root root       9 Apr 22  2024 lib64 -> usr/lib64
drwx------   2 root root   16384 Apr 10  2019 lost+found
drwxr-xr-x   2 root root    4096 Jan  7  2025 media
drwxr-xr-x   6 root root    4096 Dec 29 10:25 mnt
drwxr-xr-x   2 root root    4096 Jan  7  2025 opt
dr-xr-xr-x 207 root root       0 Jun 21 09:03 proc
drwx------   4 root root    4096 Jun 10 17:41 root
drwxr-xr-x   7 root root     140 Jun 21 14:59 run
lrwxrwxrwx   1 root root       8 Apr 22  2024 sbin -> usr/sbin
drwxr-xr-x   2 root root    4096 Mar 31  2024 sbin.usr-is-merged
drwxr-xr-x   2 root root    4096 Oct 11  2024 snap
drwxr-xr-x   2 root root    4096 Jan  7  2025 srv
dr-xr-xr-x  11 root root       0 Jun 21 11:17 sys
drwxrwxrwt  21 root root    4096 Jun 28 14:53 tmp
drwxr-xr-x  13 root root    4096 Feb 25 15:36 usr
drwxr-xr-x  13 root root    4096 Jan  7  2025 var
