[Log][unix_socket.cpp][log_path_init:153] Log path initialized: /mnt/e/Study/Linux/MiniScheduler/logs/minisched_20260701163212.log
[Log][main_daemon.cpp][main:208] Loading config file.
[Log][main_daemon.cpp][main:213] Starting the MiniScheduler daemon process...
[Log][unix_socket.cpp][daemonize:593] Daemonizing the process...
[Log][main_daemon.cpp][main:240] Forking 4 worker processes...
[Log][main_daemon.cpp][fork_workers:83] Forked worker 0 [PID: 7301]
[Log][main_daemon.cpp][worker_process_main:95] Worker process [PID: 7301] is running.
[Log][main_daemon.cpp][worker_process_main:95] Worker process [PID: 7302] is running.
[Log][main_daemon.cpp][fork_workers:83] Forked worker 1 [PID: 7302]
[Log][main_daemon.cpp][fork_workers:83] Forked worker 2 [PID: 7303]
[Log][main_daemon.cpp][worker_process_main:95] Worker process [PID: 7303] is running.
[Log][main_daemon.cpp][worker_process_main:95] Worker process [PID: 7304] is running.
[Log][main_daemon.cpp][fork_workers:83] Forked worker 3 [PID: 7304]
[Log][main_daemon.cpp][main:248] Starting IPC server on socket: /tmp/minisched.sock
[Log][main_daemon.cpp][main:260] Waiting for client connection...
[Log][main_daemon.cpp][main:270] Receiving command from client...
[Log][main_client.cpp][main:77] Sending command to daemon: ADD ls -l
[Log][main_daemon.cpp][main:277] Handling ADD command...
[Log][main_daemon.cpp][main:311] Enqueued done job ID[1]: ls -l
[Log][main_daemon.cpp][main:398] Sending response to client.
[Log][main_daemon.cpp][main:260] Waiting for client connection...
[Log][main_client.cpp][main:102] Receive: ENQUEUE JOB ID[1] DONE
[Log][main_daemon.cpp][worker_process_main:179] Worker [PID: 7301] finished job ID[1], exit_code=0
[Log][main_daemon.cpp][main:270] Receiving command from client...
[Log][main_client.cpp][main:77] Sending command to daemon: STATUS
[Log][main_daemon.cpp][main:327] Handling STATUS command...
[Log][main_daemon.cpp][main:398] Sending response to client.
[Log][main_daemon.cpp][main:260] Waiting for client connection...
[Log][main_client.cpp][main:102] Receive: 
TOTAL = 1 | DONE = 1 | FAILED = 0 | RUNNING = 0 | PENDING = 0
ID  PID     STATE           CREATED TIME            STARTED TIME            FINISHED TIME           COMMAND
1   7301    DONE            2026-07-01 16:33:47     2026-07-01 16:33:47     2026-07-01 16:33:47     ls -l

[Log][main_client.cpp][main:77] Sending command to daemon: ADD sleep 10
[Log][main_daemon.cpp][main:270] Receiving command from client...
[Log][main_daemon.cpp][main:277] Handling ADD command...
[Log][main_daemon.cpp][main:311] Enqueued done job ID[2]: sleep 10
[Log][main_daemon.cpp][main:398] Sending response to client.
[Log][main_client.cpp][main:102] Receive: ENQUEUE JOB ID[2] DONE
[Log][main_daemon.cpp][main:260] Waiting for client connection...
[Log][main_daemon.cpp][worker_process_main:179] Worker [PID: 7302] finished job ID[2], exit_code=0
[Log][main_daemon.cpp][main:270] Receiving command from client...
[Log][main_client.cpp][main:77] Sending command to daemon: STATUS
[Log][main_daemon.cpp][main:327] Handling STATUS command...
[Log][main_daemon.cpp][main:398] Sending response to client.
[Log][main_daemon.cpp][main:260] Waiting for client connection...
[Log][main_client.cpp][main:102] Receive: 
TOTAL = 2 | DONE = 2 | FAILED = 0 | RUNNING = 0 | PENDING = 0
ID  PID     STATE           CREATED TIME            STARTED TIME            FINISHED TIME           COMMAND
1   7301    DONE            2026-07-01 16:33:47     2026-07-01 16:33:47     2026-07-01 16:33:47     ls -l
2   7302    DONE            2026-07-01 16:34:16     2026-07-01 16:34:16     2026-07-01 16:34:26     sleep 10

[Log][main_client.cpp][main:77] Sending command to daemon: ADD sleep 10
[Log][main_daemon.cpp][main:270] Receiving command from client...
[Log][main_daemon.cpp][main:277] Handling ADD command...
[Log][main_daemon.cpp][main:311] Enqueued done job ID[3]: sleep 10
[Log][main_daemon.cpp][main:398] Sending response to client.
[Log][main_client.cpp][main:102] Receive: ENQUEUE JOB ID[3] DONE
[Log][main_daemon.cpp][main:260] Waiting for client connection...
[Log][main_daemon.cpp][main:270] Receiving command from client...
[Log][main_client.cpp][main:77] Sending command to daemon: STATUS
[Log][main_daemon.cpp][main:327] Handling STATUS command...
[Log][main_daemon.cpp][main:398] Sending response to client.
[Log][main_daemon.cpp][main:260] Waiting for client connection...
[Log][main_client.cpp][main:102] Receive: 
TOTAL = 3 | DONE = 2 | FAILED = 0 | RUNNING = 1 | PENDING = 0
ID  PID     STATE           CREATED TIME            STARTED TIME            FINISHED TIME           COMMAND
1   7301    DONE            2026-07-01 16:33:47     2026-07-01 16:33:47     2026-07-01 16:33:47     ls -l
2   7302    DONE            2026-07-01 16:34:16     2026-07-01 16:34:16     2026-07-01 16:34:26     sleep 10
3   7303    RUNNING         2026-07-01 16:34:32     2026-07-01 16:34:32                             sleep 10

[Log][main_daemon.cpp][worker_process_main:179] Worker [PID: 7303] finished job ID[3], exit_code=0
[Log][main_daemon.cpp][main:270] Receiving command from client...
[Log][main_client.cpp][main:77] Sending command to daemon: STOP
[Log][main_daemon.cpp][main:386] Handling STOP command...
[Log][main_daemon.cpp][main:398] Sending response to client.
[Log][main_daemon.cpp][main:407] Gracefully shutting down ...
[Log][main_client.cpp][main:102] Receive: STOPPING DAEMON
[Log][main_daemon.cpp][worker_process_main:107] Worker [PID: 7303] shutting down.
[Log][main_daemon.cpp][worker_process_main:107] Worker [PID: 7302] shutting down.
[Log][main_daemon.cpp][worker_process_main:182] Worker process [PID: 7303] exiting.
[Log][main_daemon.cpp][worker_process_main:107] Worker [PID: 7301] shutting down.
[Log][main_daemon.cpp][worker_process_main:182] Worker process [PID: 7302] exiting.
[Log][main_daemon.cpp][worker_process_main:107] Worker [PID: 7304] shutting down.
[Log][main_daemon.cpp][worker_process_main:182] Worker process [PID: 7301] exiting.
[Log][main_daemon.cpp][worker_process_main:182] Worker process [PID: 7304] exiting.
[Log][main_daemon.cpp][main:421] Worker [PID: 7301] exited with status 0
[Log][main_daemon.cpp][main:421] Worker [PID: 7302] exited with status 0
[Log][main_daemon.cpp][main:421] Worker [PID: 7303] exited with status 0
[Log][main_daemon.cpp][main:421] Worker [PID: 7304] exited with status 0
[Log][main_daemon.cpp][main:431] MiniScheduler daemon exited.
